android/app/build/outputs/logs/manifest-merger-debug-report.txt
-- Merging decision tree log ---
manifest
ADDED from src/main/AndroidManifest.xml:1:1-38:12
INJECTED from src/main/AndroidManifest.xml:1:1-38:12
INJECTED from src/main/AndroidManifest.xml:1:1-38:12
INJECTED from src/main/AndroidManifest.xml:1:1-38:12
MERGED from [com.squareup.leakcanary:leakcanary-android:1.6.1] AndroidManifest.xml:17:1-72:12
MERGED from [:sdk] AndroidManifest.xml:2:1-36:12
MERGED from [com.google.android.gms:play-services-auth:15.0.0] AndroidManifest.xml:17:1-39:12
MERGED from [com.google.android.gms:play-services-auth-api-phone:15.0.1] AndroidManifest.xml:2:1-7:12
MERGED from [com.google.android.gms:play-services-auth-base:15.0.0] AndroidManifest.xml:2:1-7:12
MERGED from [com.google.android.gms:play-services-base:15.0.1] AndroidManifest.xml:17:1-29:12
MERGED from [com.google.android.gms:play-services-tasks:15.0.1] AndroidManifest.xml:2:1-9:12
MERGED from [com.google.android.gms:play-services-basement:15.0.1] AndroidManifest.xml:17:1-28:12
MERGED from [com.android.support:support-v4:28.0.0] AndroidManifest.xml:17:1-22:12
MERGED from [:react-native-background-timer] AndroidManifest.xml:2:1-13:12
MERGED from [:react-native-calendar-events] AndroidManifest.xml:2:1-14:12
MERGED from [:react-native-fast-image] AndroidManifest.xml:2:1-11:12
MERGED from [:react-native-google-signin] AndroidManifest.xml:2:1-11:12
MERGED from [:react-native-immersive] AndroidManifest.xml:2:1-11:12
MERGED from [:react-native-keep-awake] AndroidManifest.xml:2:1-11:12
MERGED from [:react-native-vector-icons] AndroidManifest.xml:2:1-11:12
MERGED from [:react-native-webrtc] AndroidManifest.xml:2:1-11:12
MERGED from [com.facebook.react:react-native:0.57.8] AndroidManifest.xml:2:1-15:12
MERGED from [com.android.support:appcompat-v7:28.0.0] AndroidManifest.xml:17:1-22:12
MERGED from [com.github.bumptech.glide:okhttp3-integration:4.7.1] AndroidManifest.xml:2:1-16:12
MERGED from [com.github.bumptech.glide:glide:4.7.1] AndroidManifest.xml:2:1-13:12
MERGED from [com.squareup.leakcanary:leakcanary-analyzer:1.6.1] AndroidManifest.xml:17:1-24:12
MERGED from [com.android.support:support-fragment:28.0.0] AndroidManifest.xml:17:1-22:12
MERGED from [com.android.support:animated-vector-drawable:28.0.0] AndroidManifest.xml:17:1-22:12
MERGED from [com.android.support:support-core-ui:28.0.0] AndroidManifest.xml:17:1-22:12
MERGED from [com.android.support:support-core-utils:28.0.0] AndroidManifest.xml:17:1-22:12
MERGED from [com.android.support:support-media-compat:28.0.0] AndroidManifest.xml:17:1-22:12
MERGED from [com.android.support:support-vector-drawable:28.0.0] AndroidManifest.xml:17:1-22:12
MERGED from [com.android.support:loader:28.0.0] AndroidManifest.xml:17:1-22:12
MERGED from [com.android.support:viewpager:28.0.0] AndroidManifest.xml:17:1-22:12
MERGED from [com.android.support:coordinatorlayout:28.0.0] AndroidManifest.xml:17:1-22:12
MERGED from [com.android.support:drawerlayout:28.0.0] AndroidManifest.xml:17:1-22:12
MERGED from [com.android.support:slidingpanelayout:28.0.0] AndroidManifest.xml:17:1-22:12
MERGED from [com.android.support:customview:28.0.0] AndroidManifest.xml:17:1-22:12
MERGED from [com.android.support:swiperefreshlayout:28.0.0] AndroidManifest.xml:17:1-22:12
MERGED from [com.android.support:asynclayoutinflater:28.0.0] AndroidManifest.xml:17:1-22:12
MERGED from [com.android.support:support-compat:28.0.0] AndroidManifest.xml:17:1-24:12
MERGED from [com.android.support:versionedparcelable:28.0.0] AndroidManifest.xml:17:1-25:12
MERGED from [com.android.support:cursoradapter:28.0.0] AndroidManifest.xml:17:1-22:12
MERGED from [com.github.bumptech.glide:gifdecoder:4.7.1] AndroidManifest.xml:2:1-11:12
MERGED from [com.android.support:documentfile:28.0.0] AndroidManifest.xml:17:1-22:12
MERGED from [com.android.support:localbroadcastmanager:28.0.0] AndroidManifest.xml:17:1-22:12
MERGED from [com.android.support:print:28.0.0] AndroidManifest.xml:17:1-22:12
MERGED from [android.arch.lifecycle:runtime:1.1.1] AndroidManifest.xml:17:1-22:12
MERGED from [com.android.support:interpolator:28.0.0] AndroidManifest.xml:17:1-22:12
MERGED from [android.arch.lifecycle:viewmodel:1.1.1] AndroidManifest.xml:17:1-22:12
MERGED from [android.arch.lifecycle:livedata:1.1.1] AndroidManifest.xml:17:1-22:12
MERGED from [android.arch.lifecycle:livedata-core:1.1.1] AndroidManifest.xml:17:1-22:12
MERGED from [android.arch.core:runtime:1.1.1] AndroidManifest.xml:17:1-22:12
MERGED from [org.webkit:android-jsc:r224109] AndroidManifest.xml:2:1-11:12
MERGED from [:react-native-linear-gradient] AndroidManifest.xml:2:1-11:12
MERGED from [:react-native-sound] AndroidManifest.xml:2:1-12:12
MERGED from [com.facebook.fresco:fresco:1.10.0] AndroidManifest.xml:2:1-9:12
MERGED from [com.facebook.fresco:imagepipeline-okhttp3:1.10.0] AndroidManifest.xml:2:1-9:12
MERGED from [com.facebook.fresco:drawee:1.10.0] AndroidManifest.xml:2:1-9:12
MERGED from [com.facebook.fresco:imagepipeline:1.10.0] AndroidManifest.xml:2:1-9:12
MERGED from [com.facebook.fresco:imagepipeline-base:1.10.0] AndroidManifest.xml:2:1-9:12
MERGED from [com.facebook.soloader:soloader:0.5.1] AndroidManifest.xml:2:1-13:12
MERGED from [com.facebook.fresco:fbcore:1.10.0] AndroidManifest.xml:2:1-9:12
INJECTED from src/main/AndroidManifest.xml:1:1-38:12
INJECTED from src/main/AndroidManifest.xml:1:1-38:12
INJECTED from src/main/AndroidManifest.xml:1:1-38:12
	package
		ADDED from src/main/AndroidManifest.xml:3:5-29
		INJECTED from src/main/AndroidManifest.xml
		INJECTED from src/main/AndroidManifest.xml
	android:versionName
		INJECTED from src/main/AndroidManifest.xml
		ADDED from src/main/AndroidManifest.xml:1:1-38:12
		INJECTED from src/main/AndroidManifest.xml
	android:versionCode
		INJECTED from src/main/AndroidManifest.xml
		ADDED from src/main/AndroidManifest.xml:1:1-38:12
		INJECTED from src/main/AndroidManifest.xml
	xmlns:android
		ADDED from src/main/AndroidManifest.xml:2:5-63
application
ADDED from src/main/AndroidManifest.xml:4:3-37:17
MERGED from [com.squareup.leakcanary:leakcanary-android:1.6.1] AndroidManifest.xml:26:5-70:19
MERGED from [com.squareup.leakcanary:leakcanary-android:1.6.1] AndroidManifest.xml:26:5-70:19
MERGED from [:sdk] AndroidManifest.xml:29:5-34:19
MERGED from [:sdk] AndroidManifest.xml:29:5-34:19
MERGED from [com.google.android.gms:play-services-auth:15.0.0] AndroidManifest.xml:22:5-37:19
MERGED from [com.google.android.gms:play-services-auth:15.0.0] AndroidManifest.xml:22:5-37:19
MERGED from [com.google.android.gms:play-services-base:15.0.1] AndroidManifest.xml:22:5-27:19
MERGED from [com.google.android.gms:play-services-base:15.0.1] AndroidManifest.xml:22:5-27:19
MERGED from [com.google.android.gms:play-services-tasks:15.0.1] AndroidManifest.xml:7:5-20
MERGED from [com.google.android.gms:play-services-tasks:15.0.1] AndroidManifest.xml:7:5-20
MERGED from [com.google.android.gms:play-services-basement:15.0.1] AndroidManifest.xml:22:5-26:19
MERGED from [com.google.android.gms:play-services-basement:15.0.1] AndroidManifest.xml:22:5-26:19
MERGED from [com.facebook.react:react-native:0.57.8] AndroidManifest.xml:13:5-20
MERGED from [com.facebook.react:react-native:0.57.8] AndroidManifest.xml:13:5-20
MERGED from [com.github.bumptech.glide:okhttp3-integration:4.7.1] AndroidManifest.xml:10:5-14:19
MERGED from [com.github.bumptech.glide:okhttp3-integration:4.7.1] AndroidManifest.xml:10:5-14:19
MERGED from [com.github.bumptech.glide:glide:4.7.1] AndroidManifest.xml:11:5-20
MERGED from [com.github.bumptech.glide:glide:4.7.1] AndroidManifest.xml:11:5-20
MERGED from [com.squareup.leakcanary:leakcanary-analyzer:1.6.1] AndroidManifest.xml:22:5-20
MERGED from [com.squareup.leakcanary:leakcanary-analyzer:1.6.1] AndroidManifest.xml:22:5-20
MERGED from [com.android.support:support-compat:28.0.0] AndroidManifest.xml:22:5-94
MERGED from [com.android.support:support-compat:28.0.0] AndroidManifest.xml:22:5-94
MERGED from [com.android.support:versionedparcelable:28.0.0] AndroidManifest.xml:22:5-23:19
MERGED from [com.android.support:versionedparcelable:28.0.0] AndroidManifest.xml:22:5-23:19
MERGED from [com.github.bumptech.glide:gifdecoder:4.7.1] AndroidManifest.xml:9:5-20
MERGED from [com.github.bumptech.glide:gifdecoder:4.7.1] AndroidManifest.xml:9:5-20
MERGED from [com.facebook.soloader:soloader:0.5.1] AndroidManifest.xml:11:5-20
MERGED from [com.facebook.soloader:soloader:0.5.1] AndroidManifest.xml:11:5-20
	android:appComponentFactory
		ADDED from [com.android.support:support-compat:28.0.0] AndroidManifest.xml:22:18-91
	android:supportsRtl
		ADDED from [:sdk] AndroidManifest.xml:32:9-35
	android:label
		ADDED from src/main/AndroidManifest.xml:7:7-39
	android:icon
		ADDED from src/main/AndroidManifest.xml:6:7-41
	android:allowBackup
		ADDED from src/main/AndroidManifest.xml:5:7-33
	android:theme
		ADDED from src/main/AndroidManifest.xml:10:7-38
	android:networkSecurityConfig
		ADDED from src/main/AndroidManifest.xml:9:7-67
	android:name
		ADDED from src/main/AndroidManifest.xml:8:7-38
activity#org.jitsi.meet.MainActivity
ADDED from src/main/AndroidManifest.xml:11:5-36:16
	android:label
		ADDED from src/main/AndroidManifest.xml:13:9-41
	android:launchMode
		ADDED from src/main/AndroidManifest.xml:14:9-40
	android:windowSoftInputMode
		ADDED from src/main/AndroidManifest.xml:18:9-51
	android:supportsPictureInPicture
		ADDED from src/main/AndroidManifest.xml:17:9-48
	android:resizeableActivity
		ADDED from src/main/AndroidManifest.xml:16:9-42
	android:configChanges
		ADDED from src/main/AndroidManifest.xml:12:9-111
	android:name
		ADDED from src/main/AndroidManifest.xml:15:9-37
intent-filter#action:name:android.intent.action.MAIN+category:name:android.intent.category.LAUNCHER
ADDED from src/main/AndroidManifest.xml:19:7-22:23
action#android.intent.action.MAIN
ADDED from src/main/AndroidManifest.xml:20:9-61
	android:name
		ADDED from src/main/AndroidManifest.xml:20:17-58
category#android.intent.category.LAUNCHER
ADDED from src/main/AndroidManifest.xml:21:9-69
	android:name
		ADDED from src/main/AndroidManifest.xml:21:19-66
intent-filter#action:name:android.intent.action.VIEW+category:name:android.intent.category.BROWSABLE+category:name:android.intent.category.DEFAULT+data:host:beta.meet.jit.si+data:host:meet.jit.si+data:scheme:https+data:scheme:https
ADDED from src/main/AndroidManifest.xml:23:7-29:23
action#android.intent.action.VIEW
ADDED from src/main/AndroidManifest.xml:24:9-61
	android:name
		ADDED from src/main/AndroidManifest.xml:24:17-58
category#android.intent.category.BROWSABLE
ADDED from src/main/AndroidManifest.xml:25:9-70
	android:name
		ADDED from src/main/AndroidManifest.xml:25:19-67
category#android.intent.category.DEFAULT
ADDED from src/main/AndroidManifest.xml:26:9-68
	android:name
		ADDED from src/main/AndroidManifest.xml:26:19-65
data
ADDED from src/main/AndroidManifest.xml:27:9-72
	android:host
		ADDED from src/main/AndroidManifest.xml:27:15-46
	android:scheme
		ADDED from src/main/AndroidManifest.xml:27:47-69
intent-filter#action:name:android.intent.action.VIEW+category:name:android.intent.category.BROWSABLE+category:name:android.intent.category.DEFAULT+data:scheme:org.jitsi.meet
ADDED from src/main/AndroidManifest.xml:30:7-35:23
uses-sdk
INJECTED from src/main/AndroidManifest.xml reason: use-sdk injection requested
INJECTED from src/main/AndroidManifest.xml
INJECTED from src/main/AndroidManifest.xml
MERGED from [com.squareup.leakcanary:leakcanary-android:1.6.1] AndroidManifest.xml:20:5-44
MERGED from [com.squareup.leakcanary:leakcanary-android:1.6.1] AndroidManifest.xml:20:5-44
MERGED from [:sdk] AndroidManifest.xml:5:5-7:41
MERGED from [:sdk] AndroidManifest.xml:5:5-7:41
MERGED from [com.google.android.gms:play-services-auth:15.0.0] AndroidManifest.xml:20:5-44
MERGED from [com.google.android.gms:play-services-auth:15.0.0] AndroidManifest.xml:20:5-44
MERGED from [com.google.android.gms:play-services-auth-api-phone:15.0.1] AndroidManifest.xml:5:5-44
MERGED from [com.google.android.gms:play-services-auth-api-phone:15.0.1] AndroidManifest.xml:5:5-44
MERGED from [com.google.android.gms:play-services-auth-base:15.0.0] AndroidManifest.xml:5:5-44
MERGED from [com.google.android.gms:play-services-auth-base:15.0.0] AndroidManifest.xml:5:5-44
MERGED from [com.google.android.gms:play-services-base:15.0.1] AndroidManifest.xml:20:5-44
MERGED from [com.google.android.gms:play-services-base:15.0.1] AndroidManifest.xml:20:5-44
MERGED from [com.google.android.gms:play-services-tasks:15.0.1] AndroidManifest.xml:5:5-44
MERGED from [com.google.android.gms:play-services-tasks:15.0.1] AndroidManifest.xml:5:5-44
MERGED from [com.google.android.gms:play-services-basement:15.0.1] AndroidManifest.xml:20:5-44
MERGED from [com.google.android.gms:play-services-basement:15.0.1] AndroidManifest.xml:20:5-44
MERGED from [com.android.support:support-v4:28.0.0] AndroidManifest.xml:20:5-44
MERGED from [com.android.support:support-v4:28.0.0] AndroidManifest.xml:20:5-44
MERGED from [:react-native-background-timer] AndroidManifest.xml:7:5-9:41
MERGED from [:react-native-background-timer] AndroidManifest.xml:7:5-9:41
MERGED from [:react-native-calendar-events] AndroidManifest.xml:7:5-9:41
MERGED from [:react-native-calendar-events] AndroidManifest.xml:7:5-9:41
MERGED from [:react-native-fast-image] AndroidManifest.xml:7:5-9:41
MERGED from [:react-native-fast-image] AndroidManifest.xml:7:5-9:41
MERGED from [:react-native-google-signin] AndroidManifest.xml:7:5-9:41
MERGED from [:react-native-google-signin] AndroidManifest.xml:7:5-9:41
MERGED from [:react-native-immersive] AndroidManifest.xml:7:5-9:41
MERGED from [:react-native-immersive] AndroidManifest.xml:7:5-9:41
MERGED from [:react-native-keep-awake] AndroidManifest.xml:7:5-9:41
MERGED from [:react-native-keep-awake] AndroidManifest.xml:7:5-9:41
MERGED from [:react-native-vector-icons] AndroidManifest.xml:7:5-9:41
MERGED from [:react-native-vector-icons] AndroidManifest.xml:7:5-9:41
MERGED from [:react-native-webrtc] AndroidManifest.xml:7:5-9:41
MERGED from [:react-native-webrtc] AndroidManifest.xml:7:5-9:41
MERGED from [com.facebook.react:react-native:0.57.8] AndroidManifest.xml:7:5-9:41
MERGED from [com.facebook.react:react-native:0.57.8] AndroidManifest.xml:7:5-9:41
MERGED from [com.android.support:appcompat-v7:28.0.0] AndroidManifest.xml:20:5-44
MERGED from [com.android.support:appcompat-v7:28.0.0] AndroidManifest.xml:20:5-44
MERGED from [com.github.bumptech.glide:okhttp3-integration:4.7.1] AndroidManifest.xml:6:5-8:41
MERGED from [com.github.bumptech.glide:okhttp3-integration:4.7.1] AndroidManifest.xml:6:5-8:41
MERGED from [com.github.bumptech.glide:glide:4.7.1] AndroidManifest.xml:7:5-9:41
MERGED from [com.github.bumptech.glide:glide:4.7.1] AndroidManifest.xml:7:5-9:41
MERGED from [com.squareup.leakcanary:leakcanary-analyzer:1.6.1] AndroidManifest.xml:20:5-44
MERGED from [com.squareup.leakcanary:leakcanary-analyzer:1.6.1] AndroidManifest.xml:20:5-44
MERGED from [com.android.support:support-fragment:28.0.0] AndroidManifest.xml:20:5-44
MERGED from [com.android.support:support-fragment:28.0.0] AndroidManifest.xml:20:5-44
MERGED from [com.android.support:animated-vector-drawable:28.0.0] AndroidManifest.xml:20:5-44
MERGED from [com.android.support:animated-vector-drawable:28.0.0] AndroidManifest.xml:20:5-44
MERGED from [com.android.support:support-core-ui:28.0.0] AndroidManifest.xml:20:5-44
MERGED from [com.android.support:support-core-ui:28.0.0] AndroidManifest.xml:20:5-44
MERGED from [com.android.support:support-core-utils:28.0.0] AndroidManifest.xml:20:5-44
MERGED from [com.android.support:support-core-utils:28.0.0] AndroidManifest.xml:20:5-44
MERGED from [com.android.support:support-media-compat:28.0.0] AndroidManifest.xml:20:5-44
MERGED from [com.android.support:support-media-compat:28.0.0] AndroidManifest.xml:20:5-44
MERGED from [com.android.support:support-vector-drawable:28.0.0] AndroidManifest.xml:20:5-44
MERGED from [com.android.support:support-vector-drawable:28.0.0] AndroidManifest.xml:20:5-44
MERGED from [com.android.support:loader:28.0.0] AndroidManifest.xml:20:5-44
MERGED from [com.android.support:loader:28.0.0] AndroidManifest.xml:20:5-44
MERGED from [com.android.support:viewpager:28.0.0] AndroidManifest.xml:20:5-44
MERGED from [com.android.support:viewpager:28.0.0] AndroidManifest.xml:20:5-44
MERGED from [com.android.support:coordinatorlayout:28.0.0] AndroidManifest.xml:20:5-44
MERGED from [com.android.support:coordinatorlayout:28.0.0] AndroidManifest.xml:20:5-44
MERGED from [com.android.support:drawerlayout:28.0.0] AndroidManifest.xml:20:5-44
MERGED from [com.android.support:drawerlayout:28.0.0] AndroidManifest.xml:20:5-44
MERGED from [com.android.support:slidingpanelayout:28.0.0] AndroidManifest.xml:20:5-44
MERGED from [com.android.support:slidingpanelayout:28.0.0] AndroidManifest.xml:20:5-44
MERGED from [com.android.support:customview:28.0.0] AndroidManifest.xml:20:5-44
MERGED from [com.android.support:customview:28.0.0] AndroidManifest.xml:20:5-44
MERGED from [com.android.support:swiperefreshlayout:28.0.0] AndroidManifest.xml:20:5-44
MERGED from [com.android.support:swiperefreshlayout:28.0.0] AndroidManifest.xml:20:5-44
MERGED from [com.android.support:asynclayoutinflater:28.0.0] AndroidManifest.xml:20:5-44
MERGED from [com.android.support:asynclayoutinflater:28.0.0] AndroidManifest.xml:20:5-44
MERGED from [com.android.support:support-compat:28.0.0] AndroidManifest.xml:20:5-44
MERGED from [com.android.support:support-compat:28.0.0] AndroidManifest.xml:20:5-44
MERGED from [com.android.support:versionedparcelable:28.0.0] AndroidManifest.xml:20:5-44
MERGED from [com.android.support:versionedparcelable:28.0.0] AndroidManifest.xml:20:5-44
MERGED from [com.android.support:cursoradapter:28.0.0] AndroidManifest.xml:20:5-44
MERGED from [com.android.support:cursoradapter:28.0.0] AndroidManifest.xml:20:5-44
MERGED from [com.github.bumptech.glide:gifdecoder:4.7.1] AndroidManifest.xml:5:5-7:41
MERGED from [com.github.bumptech.glide:gifdecoder:4.7.1] AndroidManifest.xml:5:5-7:41
MERGED from [com.android.support:documentfile:28.0.0] AndroidManifest.xml:20:5-44
MERGED from [com.android.support:documentfile:28.0.0] AndroidManifest.xml:20:5-44
MERGED from [com.android.support:localbroadcastmanager:28.0.0] AndroidManifest.xml:20:5-44
MERGED from [com.android.support:localbroadcastmanager:28.0.0] AndroidManifest.xml:20:5-44
MERGED from [com.android.support:print:28.0.0] AndroidManifest.xml:20:5-44
MERGED from [com.android.support:print:28.0.0] AndroidManifest.xml:20:5-44
MERGED from [android.arch.lifecycle:runtime:1.1.1] AndroidManifest.xml:20:5-44
MERGED from [android.arch.lifecycle:runtime:1.1.1] AndroidManifest.xml:20:5-44
MERGED from [com.android.support:interpolator:28.0.0] AndroidManifest.xml:20:5-44
MERGED from [com.android.support:interpolator:28.0.0] AndroidManifest.xml:20:5-44
MERGED from [android.arch.lifecycle:viewmodel:1.1.1] AndroidManifest.xml:20:5-44
MERGED from [android.arch.lifecycle:viewmodel:1.1.1] AndroidManifest.xml:20:5-44
MERGED from [android.arch.lifecycle:livedata:1.1.1] AndroidManifest.xml:20:5-44
MERGED from [android.arch.lifecycle:livedata:1.1.1] AndroidManifest.xml:20:5-44
MERGED from [android.arch.lifecycle:livedata-core:1.1.1] AndroidManifest.xml:20:5-44
MERGED from [android.arch.lifecycle:livedata-core:1.1.1] AndroidManifest.xml:20:5-44
MERGED from [android.arch.core:runtime:1.1.1] AndroidManifest.xml:20:5-44
MERGED from [android.arch.core:runtime:1.1.1] AndroidManifest.xml:20:5-44
MERGED from [org.webkit:android-jsc:r224109] AndroidManifest.xml:7:5-9:41
MERGED from [org.webkit:android-jsc:r224109] AndroidManifest.xml:7:5-9:41
MERGED from [:react-native-linear-gradient] AndroidManifest.xml:7:5-9:41
MERGED from [:react-native-linear-gradient] AndroidManifest.xml:7:5-9:41
MERGED from [:react-native-sound] AndroidManifest.xml:8:5-10:41
MERGED from [:react-native-sound] AndroidManifest.xml:8:5-10:41
MERGED from [com.facebook.fresco:fresco:1.10.0] AndroidManifest.xml:5:5-7:41
MERGED from [com.facebook.fresco:fresco:1.10.0] AndroidManifest.xml:5:5-7:41
MERGED from [com.facebook.fresco:imagepipeline-okhttp3:1.10.0] AndroidManifest.xml:5:5-7:41
MERGED from [com.facebook.fresco:imagepipeline-okhttp3:1.10.0] AndroidManifest.xml:5:5-7:41
MERGED from [com.facebook.fresco:drawee:1.10.0] AndroidManifest.xml:5:5-7:41
MERGED from [com.facebook.fresco:drawee:1.10.0] AndroidManifest.xml:5:5-7:41
MERGED from [com.facebook.fresco:imagepipeline:1.10.0] AndroidManifest.xml:5:5-7:41
MERGED from [com.facebook.fresco:imagepipeline:1.10.0] AndroidManifest.xml:5:5-7:41
MERGED from [com.facebook.fresco:imagepipeline-base:1.10.0] AndroidManifest.xml:5:5-7:41
MERGED from [com.facebook.fresco:imagepipeline-base:1.10.0] AndroidManifest.xml:5:5-7:41
MERGED from [com.facebook.soloader:soloader:0.5.1] AndroidManifest.xml:7:5-9:41
MERGED from [com.facebook.soloader:soloader:0.5.1] AndroidManifest.xml:7:5-9:41
MERGED from [com.facebook.fresco:fbcore:1.10.0] AndroidManifest.xml:5:5-7:41
MERGED from [com.facebook.fresco:fbcore:1.10.0] AndroidManifest.xml:5:5-7:41
INJECTED from src/main/AndroidManifest.xml
INJECTED from src/main/AndroidManifest.xml
	android:targetSdkVersion
		INJECTED from src/main/AndroidManifest.xml
		ADDED from src/main/AndroidManifest.xml
		INJECTED from src/main/AndroidManifest.xml
	android:minSdkVersion
		INJECTED from src/main/AndroidManifest.xml
		ADDED from src/main/AndroidManifest.xml
		INJECTED from src/main/AndroidManifest.xml
uses-permission#android.permission.READ_EXTERNAL_STORAGE
ADDED from [com.squareup.leakcanary:leakcanary-android:1.6.1] AndroidManifest.xml:23:5-80
	android:name
		ADDED from [com.squareup.leakcanary:leakcanary-android:1.6.1] AndroidManifest.xml:23:22-77
uses-permission#android.permission.WRITE_EXTERNAL_STORAGE
ADDED from [com.squareup.leakcanary:leakcanary-android:1.6.1] AndroidManifest.xml:24:5-81
	android:name
		ADDED from [com.squareup.leakcanary:leakcanary-android:1.6.1] AndroidManifest.xml:24:22-78
service#com.squareup.leakcanary.internal.HeapAnalyzerService
ADDED from [com.squareup.leakcanary:leakcanary-android:1.6.1] AndroidManifest.xml:27:9-30:45
	android:process
		ADDED from [com.squareup.leakcanary:leakcanary-android:1.6.1] AndroidManifest.xml:30:13-42
	android:enabled
		ADDED from [com.squareup.leakcanary:leakcanary-android:1.6.1] AndroidManifest.xml:29:13-36
	android:name
		ADDED from [com.squareup.leakcanary:leakcanary-android:1.6.1] AndroidManifest.xml:28:13-80
service#com.squareup.leakcanary.DisplayLeakService
ADDED from [com.squareup.leakcanary:leakcanary-android:1.6.1] AndroidManifest.xml:31:9-34:45
	android:process
		ADDED from [com.squareup.leakcanary:leakcanary-android:1.6.1] AndroidManifest.xml:34:13-42
	android:enabled
		ADDED from [com.squareup.leakcanary:leakcanary-android:1.6.1] AndroidManifest.xml:33:13-36
	android:name
		ADDED from [com.squareup.leakcanary:leakcanary-android:1.6.1] AndroidManifest.xml:32:13-70
provider#com.squareup.leakcanary.internal.LeakCanaryFileProvider
ADDED from [com.squareup.leakcanary:leakcanary-android:1.6.1] AndroidManifest.xml:36:9-44:20
	android:grantUriPermissions
		ADDED from [com.squareup.leakcanary:leakcanary-android:1.6.1] AndroidManifest.xml:40:13-47
	android:authorities
		ADDED from [com.squareup.leakcanary:leakcanary-android:1.6.1] AndroidManifest.xml:38:13-88
	android:exported
		ADDED from [com.squareup.leakcanary:leakcanary-android:1.6.1] AndroidManifest.xml:39:13-37
	android:name
		ADDED from [com.squareup.leakcanary:leakcanary-android:1.6.1] AndroidManifest.xml:37:13-83
meta-data#android.support.FILE_PROVIDER_PATHS
ADDED from [com.squareup.leakcanary:leakcanary-android:1.6.1] AndroidManifest.xml:41:13-43:66
	android:resource
		ADDED from [com.squareup.leakcanary:leakcanary-android:1.6.1] AndroidManifest.xml:43:17-63
	android:name
		ADDED from [com.squareup.leakcanary:leakcanary-android:1.6.1] AndroidManifest.xml:42:17-67
activity#com.squareup.leakcanary.internal.DisplayLeakActivity
ADDED from [com.squareup.leakcanary:leakcanary-android:1.6.1] AndroidManifest.xml:46:9-59:20
	android:process
		ADDED from [com.squareup.leakcanary:leakcanary-android:1.6.1] AndroidManifest.xml:51:13-42
	android:enabled
		ADDED from [com.squareup.leakcanary:leakcanary-android:1.6.1] AndroidManifest.xml:48:13-36
	android:label
		ADDED from [com.squareup.leakcanary:leakcanary-android:1.6.1] AndroidManifest.xml:50:13-71
	android:icon
		ADDED from [com.squareup.leakcanary:leakcanary-android:1.6.1] AndroidManifest.xml:49:13-52
	android:theme
		ADDED from [com.squareup.leakcanary:leakcanary-android:1.6.1] AndroidManifest.xml:53:13-63
	android:taskAffinity
		ADDED from [com.squareup.leakcanary:leakcanary-android:1.6.1] AndroidManifest.xml:52:13-76
	android:name
		ADDED from [com.squareup.leakcanary:leakcanary-android:1.6.1] AndroidManifest.xml:47:13-80
activity#com.squareup.leakcanary.internal.RequestStoragePermissionActivity
ADDED from [com.squareup.leakcanary:leakcanary-android:1.6.1] AndroidManifest.xml:60:9-69:68
	android:process
		ADDED from [com.squareup.leakcanary:leakcanary-android:1.6.1] AndroidManifest.xml:66:13-42
	android:enabled
		ADDED from [com.squareup.leakcanary:leakcanary-android:1.6.1] AndroidManifest.xml:62:13-36
	android:label
		ADDED from [com.squareup.leakcanary:leakcanary-android:1.6.1] AndroidManifest.xml:65:13-82
	android:excludeFromRecents
		ADDED from [com.squareup.leakcanary:leakcanary-android:1.6.1] AndroidManifest.xml:63:13-46
	android:roundIcon
		ADDED from [com.squareup.leakcanary:leakcanary-android:1.6.1] AndroidManifest.xml:67:13-57
	android:icon
		ADDED from [com.squareup.leakcanary:leakcanary-android:1.6.1] AndroidManifest.xml:64:13-52
	android:theme
		ADDED from [com.squareup.leakcanary:leakcanary-android:1.6.1] AndroidManifest.xml:69:13-65
	android:taskAffinity
		ADDED from [com.squareup.leakcanary:leakcanary-android:1.6.1] AndroidManifest.xml:68:13-76
	android:name
		ADDED from [com.squareup.leakcanary:leakcanary-android:1.6.1] AndroidManifest.xml:61:13-93
uses-permission#android.permission.ACCESS_NETWORK_STATE
ADDED from [:sdk] AndroidManifest.xml:9:5-79
	android:name
		ADDED from [:sdk] AndroidManifest.xml:9:22-76
uses-permission#android.permission.BLUETOOTH
ADDED from [:sdk] AndroidManifest.xml:10:5-68
	android:name
		ADDED from [:sdk] AndroidManifest.xml:10:22-65
uses-permission#android.permission.CAMERA
ADDED from [:sdk] AndroidManifest.xml:11:5-65
	android:name
		ADDED from [:sdk] AndroidManifest.xml:11:22-62
uses-permission#android.permission.INTERNET
ADDED from [:sdk] AndroidManifest.xml:12:5-67
	android:name
		ADDED from [:sdk] AndroidManifest.xml:12:22-64
uses-permission#android.permission.MODIFY_AUDIO_SETTINGS
ADDED from [:sdk] AndroidManifest.xml:13:5-80
	android:name
		ADDED from [:sdk] AndroidManifest.xml:13:22-77
uses-permission#android.permission.RECORD_AUDIO
ADDED from [:sdk] AndroidManifest.xml:14:5-71
	android:name
		ADDED from [:sdk] AndroidManifest.xml:14:22-68
uses-permission#android.permission.SYSTEM_ALERT_WINDOW
ADDED from [:sdk] AndroidManifest.xml:15:5-78
MERGED from [com.facebook.react:react-native:0.57.8] AndroidManifest.xml:11:5-78
MERGED from [com.facebook.react:react-native:0.57.8] AndroidManifest.xml:11:5-78
	android:name
		ADDED from [:sdk] AndroidManifest.xml:15:22-75
uses-permission#android.permission.WAKE_LOCK
ADDED from [:sdk] AndroidManifest.xml:16:5-68
MERGED from [:react-native-background-timer] AndroidManifest.xml:11:5-68
MERGED from [:react-native-background-timer] AndroidManifest.xml:11:5-68
	android:name
		ADDED from [:sdk] AndroidManifest.xml:16:22-65
uses-permission#android.permission.ACCESS_WIFI_STATE
ADDED from [:sdk] AndroidManifest.xml:17:5-76
	android:name
		ADDED from [:sdk] AndroidManifest.xml:17:22-73
uses-feature#0x00020000
ADDED from [:sdk] AndroidManifest.xml:19:5-21:35
	android:glEsVersion
		ADDED from [:sdk] AndroidManifest.xml:20:9-41
	android:required
		ADDED from [:sdk] AndroidManifest.xml:21:9-32
uses-feature#android.hardware.camera
ADDED from [:sdk] AndroidManifest.xml:22:5-24:36
	android:required
		ADDED from [:sdk] AndroidManifest.xml:24:9-33
	android:name
		ADDED from [:sdk] AndroidManifest.xml:23:9-47
uses-feature#android.hardware.camera.autofocus
ADDED from [:sdk] AndroidManifest.xml:25:5-27:36
	android:required
		ADDED from [:sdk] AndroidManifest.xml:27:9-33
	android:name
		ADDED from [:sdk] AndroidManifest.xml:26:9-57
activity#com.facebook.react.devsupport.DevSettingsActivity
ADDED from [:sdk] AndroidManifest.xml:33:9-86
	android:name
		ADDED from [:sdk] AndroidManifest.xml:33:19-83
activity#com.google.android.gms.auth.api.signin.internal.SignInHubActivity
ADDED from [com.google.android.gms:play-services-auth:15.0.0] AndroidManifest.xml:23:9-27:75
	android:excludeFromRecents
		ADDED from [com.google.android.gms:play-services-auth:15.0.0] AndroidManifest.xml:25:13-46
	android:exported
		ADDED from [com.google.android.gms:play-services-auth:15.0.0] AndroidManifest.xml:26:13-37
	android:theme
		ADDED from [com.google.android.gms:play-services-auth:15.0.0] AndroidManifest.xml:27:13-72
	android:name
		ADDED from [com.google.android.gms:play-services-auth:15.0.0] AndroidManifest.xml:24:13-93
service#com.google.android.gms.auth.api.signin.RevocationBoundService
ADDED from [com.google.android.gms:play-services-auth:15.0.0] AndroidManifest.xml:33:9-36:110
	android:exported
		ADDED from [com.google.android.gms:play-services-auth:15.0.0] AndroidManifest.xml:35:13-36
	android:permission
		ADDED from [com.google.android.gms:play-services-auth:15.0.0] AndroidManifest.xml:36:13-107
	android:name
		ADDED from [com.google.android.gms:play-services-auth:15.0.0] AndroidManifest.xml:34:13-89
activity#com.google.android.gms.common.api.GoogleApiActivity
ADDED from [com.google.android.gms:play-services-base:15.0.1] AndroidManifest.xml:23:9-26:75
	android:exported
		ADDED from [com.google.android.gms:play-services-base:15.0.1] AndroidManifest.xml:25:13-37
	android:theme
		ADDED from [com.google.android.gms:play-services-base:15.0.1] AndroidManifest.xml:26:13-72
	android:name